<?xml version="1.0" encoding="UTF-8"?>
<!-- Generated by org.testng.reporters.JUnitReportReporter -->
<testsuite skipped="0" hostname="LAPTOP-D0CIFDTL" name="mySQLServerConnectivity.SelectQueryTestClass" tests="1" failures="0" timestamp="2022-10-23T15:10:50 IST" time="0.651" errors="0">
  <testcase name="f" time="0.651" classname="mySQLServerConnectivity.SelectQueryTestClass"/>
  <system-out/>
</testsuite> <!-- mySQLServerConnectivity.SelectQueryTestClass -->
